<?xml version="1.0" encoding="UTF-8"?>
<robot generator="Robot 7.1 (Python 3.12.6 on darwin)" generated="2024-10-03T10:29:08.262297" rpa="false" schemaversion="5">
<suite id="s1" name="Assignment8" source="/Users/khongkhunanat.p/Desktop/Before_Join_Doppio/Assignment8/Assignment8.robot">
<test id="s1-t1" name="Validate" line="16">
<kw name="Log" owner="BuiltIn">
<msg time="2024-10-03T10:29:08.273424" level="INFO">robot Open Browser http://example.com</msg>
<arg>robot Open Browser ${pre_load_app_url}</arg>
<doc>Logs the given message with the given level.</doc>
<status status="PASS" start="2024-10-03T10:29:08.273306" elapsed="0.000153"/>
</kw>
<kw name="Log" owner="BuiltIn">
<msg time="2024-10-03T10:29:08.273605" level="INFO">chrome Input Text username_field admin</msg>
<arg>chrome Input Text username_field ${pre_load_username}</arg>
<doc>Logs the given message with the given level.</doc>
<status status="PASS" start="2024-10-03T10:29:08.273545" elapsed="0.000078"/>
</kw>
<kw name="Log" owner="BuiltIn">
<msg time="2024-10-03T10:29:08.273946" level="INFO">Input Text password_field password123</msg>
<arg>Input Text password_field ${pre_load_password}</arg>
<doc>Logs the given message with the given level.</doc>
<status status="PASS" start="2024-10-03T10:29:08.273891" elapsed="0.000071"/>
</kw>
<status status="PASS" start="2024-10-03T10:29:08.272956" elapsed="0.001067"/>
</test>
<status status="PASS" start="2024-10-03T10:29:08.263118" elapsed="0.011073"/>
</suite>
<statistics>
<total>
<stat pass="1" fail="0" skip="0">All Tests</stat>
</total>
<tag>
</tag>
<suite>
<stat pass="1" fail="0" skip="0" id="s1" name="Assignment8">Assignment8</stat>
</suite>
</statistics>
<errors>
</errors>
</robot>
