<?xml version="1.0" encoding="UTF-8"?>
<robot generator="Robot 7.1 (Python 3.13.0rc2 on win32)" generated="2024-09-29T01:04:49.770579" rpa="false" schemaversion="5">
<suite id="s1" name="Assignment2" source="C:\Users\Khongkhunanat\Desktop\Before_Join_Doppio\Assignment2\Assignment2.robot">
<test id="s1-t1" name="Validate" line="5">
<kw name="Print Fruits">
<for flavor="IN">
<iter>
<kw name="Log" owner="BuiltIn">
<msg time="2024-09-29T01:04:49.811613" level="INFO">apple</msg>
<arg>${VALUE}</arg>
<doc>Logs the given message with the given level.</doc>
<status status="PASS" start="2024-09-29T01:04:49.811458" elapsed="0.000214"/>
</kw>
<var name="${VALUE}">apple</var>
<status status="PASS" start="2024-09-29T01:04:49.811204" elapsed="0.000521"/>
</iter>
<iter>
<kw name="Log" owner="BuiltIn">
<msg time="2024-09-29T01:04:49.812027" level="INFO">banana cherry</msg>
<arg>${VALUE}</arg>
<doc>Logs the given message with the given level.</doc>
<status status="PASS" start="2024-09-29T01:04:49.811895" elapsed="0.000176"/>
</kw>
<var name="${VALUE}">banana cherry</var>
<status status="PASS" start="2024-09-29T01:04:49.811817" elapsed="0.000292"/>
</iter>
<var>${VALUE}</var>
<value>@{fruits}</value>
<status status="PASS" start="2024-09-29T01:04:49.811061" elapsed="0.001079"/>
</for>
<arg>@{fruits}</arg>
<status status="PASS" start="2024-09-29T01:04:49.810740" elapsed="0.001464"/>
</kw>
<status status="PASS" start="2024-09-29T01:04:49.809847" elapsed="0.002641"/>
</test>
<status status="PASS" start="2024-09-29T01:04:49.772739" elapsed="0.041109"/>
</suite>
<statistics>
<total>
<stat pass="1" fail="0" skip="0">All Tests</stat>
</total>
<tag>
</tag>
<suite>
<stat pass="1" fail="0" skip="0" id="s1" name="Assignment2">Assignment2</stat>
</suite>
</statistics>
<errors>
</errors>
</robot>
