<?xml version="1.0" encoding="UTF-8"?>
<robot generator="Robot 7.1 (Python 3.13.0rc2 on win32)" generated="2024-09-29T01:48:12.334841" rpa="false" schemaversion="5">
<suite id="s1" name="Assignment21" source="C:\Users\Khongkhunanat\Desktop\Before_Join_Doppio\Assignment21">
<suite id="s1-s1" name="Assignment21" source="C:\Users\Khongkhunanat\Desktop\Before_Join_Doppio\Assignment21\Assignment21.robot">
<test id="s1-s1-t1" name="Test With Multiple Tags" line="9">
<kw name="Log" owner="BuiltIn">
<msg time="2024-09-29T01:48:12.431550" level="INFO">This is a smoke and critical test</msg>
<arg>This is a smoke and critical test</arg>
<doc>Logs the given message with the given level.</doc>
<status status="PASS" start="2024-09-29T01:48:12.431389" elapsed="0.000222"/>
</kw>
<tag>critical</tag>
<tag>smoke</tag>
<status status="PASS" start="2024-09-29T01:48:12.430521" elapsed="0.001357"/>
</test>
<test id="s1-s1-t2" name="Test With Multiple Tags2" line="13">
<kw name="Log" owner="BuiltIn">
<msg time="2024-09-29T01:48:12.434126" level="INFO">This is a critical test</msg>
<arg>This is a critical test</arg>
<doc>Logs the given message with the given level.</doc>
<status status="PASS" start="2024-09-29T01:48:12.433953" elapsed="0.000233"/>
</kw>
<tag>critical</tag>
<status status="PASS" start="2024-09-29T01:48:12.433217" elapsed="0.001333"/>
</test>
<test id="s1-s1-t3" name="Test With Multiple Tags3" line="18">
<kw name="Log" owner="BuiltIn">
<msg time="2024-09-29T01:48:12.436566" level="INFO">This is a critical test2</msg>
<arg>This is a critical test2</arg>
<doc>Logs the given message with the given level.</doc>
<status status="PASS" start="2024-09-29T01:48:12.436432" elapsed="0.000202"/>
</kw>
<tag>critical</tag>
<tag>smoke</tag>
<status status="PASS" start="2024-09-29T01:48:12.435827" elapsed="0.001111"/>
</test>
<status status="PASS" start="2024-09-29T01:48:12.428490" elapsed="0.009835"/>
</suite>
<status status="PASS" start="2024-09-29T01:48:12.378168" elapsed="0.061787"/>
</suite>
<statistics>
<total>
<stat pass="3" fail="0" skip="0">All Tests</stat>
</total>
<tag>
<stat pass="3" fail="0" skip="0">critical</stat>
<stat pass="2" fail="0" skip="0">smoke</stat>
</tag>
<suite>
<stat pass="3" fail="0" skip="0" id="s1" name="Assignment21">Assignment21</stat>
<stat pass="3" fail="0" skip="0" id="s1-s1" name="Assignment21">Assignment21.Assignment21</stat>
</suite>
</statistics>
<errors>
</errors>
</robot>
