<?xml version="1.0" encoding="UTF-8"?>
<robot generator="Robot 7.1 (Python 3.13.0rc2 on win32)" generated="2024-09-28T22:02:40.919994" rpa="false" schemaversion="5">
<suite id="s1" name="Assignment13" source="C:\Users\Khongkhunanat\Desktop\Before_Join_Doppio\Assignment13\Assignment13.robot">
<test id="s1-t1" name="Print Fruit List" line="5">
<for flavor="IN">
<iter>
<kw name="Log To Console" owner="BuiltIn">
<arg>${fruit}</arg>
<doc>Logs the given message to the console.</doc>
<status status="PASS" start="2024-09-28T22:02:40.970759" elapsed="0.000597"/>
</kw>
<var name="${fruit}">apple banana cherry</var>
<status status="PASS" start="2024-09-28T22:02:40.970272" elapsed="0.001164"/>
</iter>
<var>${fruit}</var>
<value>@{fruits}</value>
<status status="PASS" start="2024-09-28T22:02:40.970029" elapsed="0.001453"/>
</for>
<status status="PASS" start="2024-09-28T22:02:40.969523" elapsed="0.002286"/>
</test>
<status status="PASS" start="2024-09-28T22:02:40.923848" elapsed="0.049251"/>
</suite>
<statistics>
<total>
<stat pass="1" fail="0" skip="0">All Tests</stat>
</total>
<tag>
</tag>
<suite>
<stat pass="1" fail="0" skip="0" id="s1" name="Assignment13">Assignment13</stat>
</suite>
</statistics>
<errors>
</errors>
</robot>
