<?xml version="1.0" encoding="UTF-8"?>
<robot generator="Robot 7.1 (Python 3.13.0rc2 on win32)" generated="2024-09-29T02:03:13.212889" rpa="false" schemaversion="5">
<suite id="s1" name="Assignment25" source="C:\Users\Khongkhunanat\Desktop\Before_Join_Doppio\Assignment25">
<suite id="s1-s1" name="Assignment25" source="C:\Users\Khongkhunanat\Desktop\Before_Join_Doppio\Assignment25\Assignment25.robot">
<test id="s1-s1-t1" name="Test With Tag 1" line="2">
<tag>smoke Log This is a smoke test</tag>
<status status="FAIL" start="2024-09-29T02:03:13.257779" elapsed="0.000367">Test cannot be empty.</status>
</test>
<test id="s1-s1-t2" name="Test With Tag 2" line="5">
<kw name="Log" owner="BuiltIn">
<msg time="2024-09-29T02:03:13.259388" level="INFO">This is a regression test</msg>
<arg>This is a regression test</arg>
<doc>Logs the given message with the given level.</doc>
<status status="PASS" start="2024-09-29T02:03:13.259171" elapsed="0.000283"/>
</kw>
<tag>regression</tag>
<status status="PASS" start="2024-09-29T02:03:13.258420" elapsed="0.001186"/>
</test>
<test id="s1-s1-t3" name="Test With Multiple Tags" line="9">
<kw name="Log" owner="BuiltIn">
<msg time="2024-09-29T02:03:13.260709" level="INFO">This is a smoke and critical test</msg>
<arg>This is a smoke and critical test</arg>
<doc>Logs the given message with the given level.</doc>
<status status="PASS" start="2024-09-29T02:03:13.260373" elapsed="0.000439"/>
</kw>
<tag>critical</tag>
<tag>smoke</tag>
<status status="PASS" start="2024-09-29T02:03:13.259810" elapsed="0.001233"/>
</test>
<status status="FAIL" start="2024-09-29T02:03:13.256384" elapsed="0.005087"/>
</suite>
<status status="FAIL" start="2024-09-29T02:03:13.240188" elapsed="0.021866"/>
</suite>
<statistics>
<total>
<stat pass="2" fail="1" skip="0">All Tests</stat>
</total>
<tag>
<stat pass="1" fail="0" skip="0">critical</stat>
<stat pass="1" fail="0" skip="0">regression</stat>
<stat pass="1" fail="0" skip="0">smoke</stat>
<stat pass="0" fail="1" skip="0">smoke Log This is a smoke test</stat>
</tag>
<suite>
<stat pass="2" fail="1" skip="0" id="s1" name="Assignment25">Assignment25</stat>
<stat pass="2" fail="1" skip="0" id="s1-s1" name="Assignment25">Assignment25.Assignment25</stat>
</suite>
</statistics>
<errors>
</errors>
</robot>
