<?xml version="1.0" encoding="UTF-8"?>
<robot generator="Robot 7.1 (Python 3.13.0rc2 on win32)" generated="2024-09-29T00:43:49.604161" rpa="false" schemaversion="5">
<suite id="s1" name="Assignment17" source="C:\Users\Khongkhunanat\Desktop\Before_Join_Doppio\Assignment17\Assignment17.robot">
<test id="s1-t1" name="Example Test With Setup And Teardown" line="5">
<kw name="Open Browser" owner="SeleniumLibrary" type="SETUP">
<msg time="2024-09-29T00:43:49.917427" level="INFO">Opening browser 'chrome' to base url 'https://www.google.com/'.</msg>
<arg>https://www.google.com/</arg>
<arg>chrome</arg>
<doc>Opens a new browser instance to the optional ``url``.</doc>
<status status="PASS" start="2024-09-29T00:43:49.917198" elapsed="2.518826"/>
</kw>
<kw name="Log" owner="BuiltIn">
<msg time="2024-09-29T00:43:52.437056" level="INFO">Test is running</msg>
<arg>Test is running</arg>
<doc>Logs the given message with the given level.</doc>
<status status="PASS" start="2024-09-29T00:43:52.436735" elapsed="0.000438"/>
</kw>
<kw name="Close Browser" owner="SeleniumLibrary" type="TEARDOWN">
<doc>Closes the current browser.</doc>
<status status="PASS" start="2024-09-29T00:43:52.437627" elapsed="2.316401"/>
</kw>
<status status="PASS" start="2024-09-29T00:43:49.916071" elapsed="4.838872"/>
</test>
<status status="PASS" start="2024-09-29T00:43:49.606202" elapsed="5.153190"/>
</suite>
<statistics>
<total>
<stat pass="1" fail="0" skip="0">All Tests</stat>
</total>
<tag>
</tag>
<suite>
<stat pass="1" fail="0" skip="0" id="s1" name="Assignment17">Assignment17</stat>
</suite>
</statistics>
<errors>
</errors>
</robot>
