<?xml version="1.0" encoding="UTF-8"?>
<robot generator="Robot 7.1 (Python 3.13.0rc2 on win32)" generated="2024-09-29T01:58:09.873457" rpa="false" schemaversion="5">
<suite id="s1" name="Assignment23" source="C:\Users\Khongkhunanat\Desktop\Before_Join_Doppio\Assignment23">
<suite id="s1-s1" name="Assignment23" source="C:\Users\Khongkhunanat\Desktop\Before_Join_Doppio\Assignment23\Assignment23.robot">
<test id="s1-s1-t1" name="Parallel Test 1" line="2">
<kw name="Log" owner="BuiltIn">
<msg time="2024-09-29T01:58:09.934519" level="INFO">Running Test 1</msg>
<arg>Running Test 1</arg>
<doc>Logs the given message with the given level.</doc>
<status status="PASS" start="2024-09-29T01:58:09.934255" elapsed="0.000349"/>
</kw>
<status status="PASS" start="2024-09-29T01:58:09.933348" elapsed="0.001426"/>
</test>
<test id="s1-s1-t2" name="Parallel Test 2" line="5">
<kw name="Log" owner="BuiltIn">
<msg time="2024-09-29T01:58:09.936274" level="INFO">Running Test 2</msg>
<arg>Running Test 2</arg>
<doc>Logs the given message with the given level.</doc>
<status status="PASS" start="2024-09-29T01:58:09.935919" elapsed="0.000443"/>
</kw>
<status status="PASS" start="2024-09-29T01:58:09.935170" elapsed="0.001386"/>
</test>
<test id="s1-s1-t3" name="Parallel Test 3" line="8">
<kw name="Log" owner="BuiltIn">
<msg time="2024-09-29T01:58:09.937391" level="INFO">Running Test 3</msg>
<arg>Running Test 3</arg>
<doc>Logs the given message with the given level.</doc>
<status status="PASS" start="2024-09-29T01:58:09.937191" elapsed="0.000262"/>
</kw>
<status status="PASS" start="2024-09-29T01:58:09.936841" elapsed="0.000762"/>
</test>
<status status="PASS" start="2024-09-29T01:58:09.931739" elapsed="0.006326"/>
</suite>
<status status="PASS" start="2024-09-29T01:58:09.910752" elapsed="0.028044"/>
</suite>
<statistics>
<total>
<stat pass="3" fail="0" skip="0">All Tests</stat>
</total>
<tag>
</tag>
<suite>
<stat pass="3" fail="0" skip="0" id="s1" name="Assignment23">Assignment23</stat>
<stat pass="3" fail="0" skip="0" id="s1-s1" name="Assignment23">Assignment23.Assignment23</stat>
</suite>
</statistics>
<errors>
</errors>
</robot>
