<?xml version="1.0" encoding="UTF-8"?>
<robot generator="Robot 7.1 (Python 3.13.0rc2 on win32)" generated="2024-09-29T01:10:02.924109" rpa="false" schemaversion="5">
<suite id="s1" name="Assignment19" source="C:\Users\Khongkhunanat\Desktop\Before_Join_Doppio\Assignment19\Assignment19.robot">
<test id="s1-t1" name="Test Case With Teardown" line="5">
<kw name="Log" owner="BuiltIn">
<msg time="2024-09-29T01:10:02.967280" level="INFO">Running the test</msg>
<arg>Running the test</arg>
<doc>Logs the given message with the given level.</doc>
<status status="PASS" start="2024-09-29T01:10:02.967122" elapsed="0.000218"/>
</kw>
<kw name="Log" owner="BuiltIn" type="TEARDOWN">
<msg time="2024-09-29T01:10:02.967818" level="INFO">Test Case Teardown is running</msg>
<arg>Test Case Teardown is running</arg>
<doc>Logs the given message with the given level.</doc>
<status status="PASS" start="2024-09-29T01:10:02.967712" elapsed="0.000151"/>
</kw>
<status status="PASS" start="2024-09-29T01:10:02.966202" elapsed="0.001844"/>
</test>
<status status="PASS" start="2024-09-29T01:10:02.926094" elapsed="0.043243"/>
</suite>
<statistics>
<total>
<stat pass="1" fail="0" skip="0">All Tests</stat>
</total>
<tag>
</tag>
<suite>
<stat pass="1" fail="0" skip="0" id="s1" name="Assignment19">Assignment19</stat>
</suite>
</statistics>
<errors>
</errors>
</robot>
