<?xml version="1.0" encoding="UTF-8"?>
<robot generator="Robot 7.1 (Python 3.13.0rc2 on win32)" generated="2024-09-29T01:03:09.803661" rpa="false" schemaversion="5">
<suite id="s1" name="Assignment18" source="C:\Users\Khongkhunanat\Desktop\Before_Join_Doppio\Assignment18\Assignment18.robot">
<kw name="Log" owner="BuiltIn" type="SETUP">
<msg time="2024-09-29T01:03:09.849496" level="INFO">Suite is starting</msg>
<arg>Suite is starting</arg>
<doc>Logs the given message with the given level.</doc>
<status status="PASS" start="2024-09-29T01:03:09.849323" elapsed="0.000237"/>
</kw>
<test id="s1-t1" name="Test 1" line="6">
<kw name="Log" owner="BuiltIn">
<msg time="2024-09-29T01:03:09.850338" level="INFO">Running Test 1</msg>
<arg>Running Test 1</arg>
<doc>Logs the given message with the given level.</doc>
<status status="PASS" start="2024-09-29T01:03:09.850161" elapsed="0.000238"/>
</kw>
<status status="PASS" start="2024-09-29T01:03:09.849695" elapsed="0.000976"/>
</test>
<test id="s1-t2" name="Test 2" line="9">
<kw name="Log" owner="BuiltIn">
<msg time="2024-09-29T01:03:09.852320" level="INFO">Running Test 2</msg>
<arg>Running Test 2</arg>
<doc>Logs the given message with the given level.</doc>
<status status="PASS" start="2024-09-29T01:03:09.852223" elapsed="0.000142"/>
</kw>
<status status="PASS" start="2024-09-29T01:03:09.851846" elapsed="0.000780"/>
</test>
<kw name="Log" owner="BuiltIn" type="TEARDOWN">
<msg time="2024-09-29T01:03:09.854156" level="INFO">Suite is ending</msg>
<arg>Suite is ending</arg>
<doc>Logs the given message with the given level.</doc>
<status status="PASS" start="2024-09-29T01:03:09.853987" elapsed="0.000243"/>
</kw>
<status status="PASS" start="2024-09-29T01:03:09.805952" elapsed="0.048340"/>
</suite>
<statistics>
<total>
<stat pass="2" fail="0" skip="0">All Tests</stat>
</total>
<tag>
</tag>
<suite>
<stat pass="2" fail="0" skip="0" id="s1" name="Assignment18">Assignment18</stat>
</suite>
</statistics>
<errors>
</errors>
</robot>
