<?xml version="1.0" encoding="UTF-8"?>
<robot generator="Robot 7.1 (Python 3.13.0rc2 on win32)" generated="2024-09-28T16:15:50.187311" rpa="false" schemaversion="5">
<suite id="s1" name="Assignment7" source="C:\Users\Khongkhunanat\Desktop\Before_Join_Doppio\Assignment7\Assignment7.robot">
<test id="s1-t1" name="Validate" line="5">
<kw name="Pull Data from .yaml">
<kw name="Log To Console" owner="BuiltIn">
<arg>${user.name}</arg>
<doc>Logs the given message to the console.</doc>
<status status="PASS" start="2024-09-28T16:15:50.234602" elapsed="0.001028"/>
</kw>
<kw name="Log To Console" owner="BuiltIn">
<arg>${user.age}</arg>
<doc>Logs the given message to the console.</doc>
<status status="PASS" start="2024-09-28T16:15:50.235812" elapsed="0.000840"/>
</kw>
<kw name="Log To Console" owner="BuiltIn">
<arg>${user.city}</arg>
<doc>Logs the given message to the console.</doc>
<status status="PASS" start="2024-09-28T16:15:50.236813" elapsed="0.000940"/>
</kw>
<status status="PASS" start="2024-09-28T16:15:50.234037" elapsed="0.003852"/>
</kw>
<status status="PASS" start="2024-09-28T16:15:50.233151" elapsed="0.005110"/>
</test>
<status status="PASS" start="2024-09-28T16:15:50.189236" elapsed="0.050301"/>
</suite>
<statistics>
<total>
<stat pass="1" fail="0" skip="0">All Tests</stat>
</total>
<tag>
</tag>
<suite>
<stat pass="1" fail="0" skip="0" id="s1" name="Assignment7">Assignment7</stat>
</suite>
</statistics>
<errors>
</errors>
</robot>
