<?xml version="1.0" encoding="UTF-8"?>
<robot generator="Robot 7.1 (Python 3.13.0rc2 on win32)" generated="2024-09-28T22:19:23.077571" rpa="false" schemaversion="5">
<suite id="s1" name="Assignment14" source="C:\Users\Khongkhunanat\Desktop\Before_Join_Doppio\Assignment14\Assignment14.robot">
<test id="s1-t1" name="Poperties of FOR LOOP" line="2">
<for flavor="IN RANGE">
<iter>
<kw name="Exit For Loop If" owner="BuiltIn">
<arg>${number} == 5</arg>
<doc>Stops executing the enclosing FOR loop if the ``condition`` is true.</doc>
<status status="PASS" start="2024-09-28T22:19:23.118228" elapsed="0.000299"/>
</kw>
<kw name="Continue For Loop If" owner="BuiltIn">
<arg>${number} == 3</arg>
<doc>Skips the current FOR loop iteration if the ``condition`` is true.</doc>
<status status="PASS" start="2024-09-28T22:19:23.118652" elapsed="0.000214"/>
</kw>
<kw name="Log To Console" owner="BuiltIn">
<arg>${number}</arg>
<doc>Logs the given message to the console.</doc>
<status status="PASS" start="2024-09-28T22:19:23.118962" elapsed="0.000432"/>
</kw>
<var name="${number}">1</var>
<status status="PASS" start="2024-09-28T22:19:23.117812" elapsed="0.001663"/>
</iter>
<iter>
<kw name="Exit For Loop If" owner="BuiltIn">
<arg>${number} == 5</arg>
<doc>Stops executing the enclosing FOR loop if the ``condition`` is true.</doc>
<status status="PASS" start="2024-09-28T22:19:23.119729" elapsed="0.000201"/>
</kw>
<kw name="Continue For Loop If" owner="BuiltIn">
<arg>${number} == 3</arg>
<doc>Skips the current FOR loop iteration if the ``condition`` is true.</doc>
<status status="PASS" start="2024-09-28T22:19:23.120023" elapsed="0.000184"/>
</kw>
<kw name="Log To Console" owner="BuiltIn">
<arg>${number}</arg>
<doc>Logs the given message to the console.</doc>
<status status="PASS" start="2024-09-28T22:19:23.120299" elapsed="0.000524"/>
</kw>
<var name="${number}">2</var>
<status status="PASS" start="2024-09-28T22:19:23.119657" elapsed="0.001224"/>
</iter>
<iter>
<kw name="Exit For Loop If" owner="BuiltIn">
<arg>${number} == 5</arg>
<doc>Stops executing the enclosing FOR loop if the ``condition`` is true.</doc>
<status status="PASS" start="2024-09-28T22:19:23.121152" elapsed="0.000337"/>
</kw>
<kw name="Continue For Loop If" owner="BuiltIn">
<msg time="2024-09-28T22:19:23.121842" level="INFO">Continuing for loop from the next iteration.</msg>
<arg>${number} == 3</arg>
<doc>Skips the current FOR loop iteration if the ``condition`` is true.</doc>
<status status="PASS" start="2024-09-28T22:19:23.121639" elapsed="0.000289"/>
</kw>
<kw name="Log To Console" owner="BuiltIn">
<arg>${number}</arg>
<doc>Logs the given message to the console.</doc>
<status status="NOT RUN" start="2024-09-28T22:19:23.122030" elapsed="0.000019"/>
</kw>
<var name="${number}">3</var>
<status status="PASS" start="2024-09-28T22:19:23.121065" elapsed="0.001019"/>
</iter>
<iter>
<kw name="Exit For Loop If" owner="BuiltIn">
<arg>${number} == 5</arg>
<doc>Stops executing the enclosing FOR loop if the ``condition`` is true.</doc>
<status status="PASS" start="2024-09-28T22:19:23.122240" elapsed="0.000229"/>
</kw>
<kw name="Continue For Loop If" owner="BuiltIn">
<arg>${number} == 3</arg>
<doc>Skips the current FOR loop iteration if the ``condition`` is true.</doc>
<status status="PASS" start="2024-09-28T22:19:23.122555" elapsed="0.000181"/>
</kw>
<kw name="Log To Console" owner="BuiltIn">
<arg>${number}</arg>
<doc>Logs the given message to the console.</doc>
<status status="PASS" start="2024-09-28T22:19:23.122821" elapsed="0.000535"/>
</kw>
<var name="${number}">4</var>
<status status="PASS" start="2024-09-28T22:19:23.122181" elapsed="0.001231"/>
</iter>
<iter>
<kw name="Exit For Loop If" owner="BuiltIn">
<msg time="2024-09-28T22:19:23.123896" level="INFO">Exiting for loop altogether.</msg>
<arg>${number} == 5</arg>
<doc>Stops executing the enclosing FOR loop if the ``condition`` is true.</doc>
<status status="PASS" start="2024-09-28T22:19:23.123689" elapsed="0.000293"/>
</kw>
<kw name="Continue For Loop If" owner="BuiltIn">
<arg>${number} == 3</arg>
<doc>Skips the current FOR loop iteration if the ``condition`` is true.</doc>
<status status="NOT RUN" start="2024-09-28T22:19:23.124079" elapsed="0.000020"/>
</kw>
<kw name="Log To Console" owner="BuiltIn">
<arg>${number}</arg>
<doc>Logs the given message to the console.</doc>
<status status="NOT RUN" start="2024-09-28T22:19:23.124198" elapsed="0.000017"/>
</kw>
<var name="${number}">5</var>
<status status="PASS" start="2024-09-28T22:19:23.123559" elapsed="0.000689"/>
</iter>
<var>${number}</var>
<value>1</value>
<value>10</value>
<status status="PASS" start="2024-09-28T22:19:23.117587" elapsed="0.006709"/>
</for>
<status status="PASS" start="2024-09-28T22:19:23.117177" elapsed="0.007472"/>
</test>
<status status="PASS" start="2024-09-28T22:19:23.079636" elapsed="0.046388"/>
</suite>
<statistics>
<total>
<stat pass="1" fail="0" skip="0">All Tests</stat>
</total>
<tag>
</tag>
<suite>
<stat pass="1" fail="0" skip="0" id="s1" name="Assignment14">Assignment14</stat>
</suite>
</statistics>
<errors>
</errors>
</robot>
