<?xml version="1.0" encoding="UTF-8"?>
<robot generator="Robot 7.1 (Python 3.12.6 on darwin)" generated="2024-10-03T10:02:41.607271" rpa="false" schemaversion="5">
<suite id="s1" name="Assignment3" source="/Users/khongkhunanat.p/Desktop/Before_Join_Doppio/Assignment3/Assignment3.robot">
<test id="s1-t1" name="Validate" line="5">
<kw name="Print User Info">
<kw name="Log" owner="BuiltIn">
<msg time="2024-10-03T10:02:41.618241" level="INFO">Aon</msg>
<arg>${user_info["name"]}</arg>
<doc>Logs the given message with the given level.</doc>
<status status="PASS" start="2024-10-03T10:02:41.618063" elapsed="0.000201"/>
</kw>
<kw name="Log" owner="BuiltIn">
<msg time="2024-10-03T10:02:41.618459" level="INFO">24</msg>
<arg>${user_info["age"]}</arg>
<doc>Logs the given message with the given level.</doc>
<status status="PASS" start="2024-10-03T10:02:41.618314" elapsed="0.000162"/>
</kw>
<kw name="Log" owner="BuiltIn">
<msg time="2024-10-03T10:02:41.618635" level="INFO">Bangkok</msg>
<arg>${user_info["city"]}</arg>
<doc>Logs the given message with the given level.</doc>
<status status="PASS" start="2024-10-03T10:02:41.618513" elapsed="0.000135"/>
</kw>
<arg>&amp;{user_info}</arg>
<status status="PASS" start="2024-10-03T10:02:41.617848" elapsed="0.000822"/>
</kw>
<status status="PASS" start="2024-10-03T10:02:41.617589" elapsed="0.001140"/>
</test>
<status status="PASS" start="2024-10-03T10:02:41.608137" elapsed="0.010745"/>
</suite>
<statistics>
<total>
<stat pass="1" fail="0" skip="0">All Tests</stat>
</total>
<tag>
</tag>
<suite>
<stat pass="1" fail="0" skip="0" id="s1" name="Assignment3">Assignment3</stat>
</suite>
</statistics>
<errors>
</errors>
</robot>
