<?xml version="1.0" encoding="UTF-8"?>
<robot generator="Robot 7.1 (Python 3.13.0rc2 on win32)" generated="2024-09-27T21:20:36.568582" rpa="false" schemaversion="5">
<suite id="s1" name="Assignment3" source="C:\Users\Khongkhunanat\Desktop\Before_Join_Doppio\Assignment3\Assignment3.robot">
<test id="s1-t1" name="Validate" line="5">
<kw name="Print User Info">
<kw name="Log To Console" owner="BuiltIn">
<arg>${user_info["name"]}</arg>
<doc>Logs the given message to the console.</doc>
<status status="PASS" start="2024-09-27T21:20:36.635702" elapsed="0.001666"/>
</kw>
<kw name="Log To Console" owner="BuiltIn">
<arg>${user_info["age"]}</arg>
<doc>Logs the given message to the console.</doc>
<status status="PASS" start="2024-09-27T21:20:36.637922" elapsed="0.001026"/>
</kw>
<kw name="Log To Console" owner="BuiltIn">
<arg>${user_info["city"]}</arg>
<doc>Logs the given message to the console.</doc>
<status status="PASS" start="2024-09-27T21:20:36.639200" elapsed="0.001143"/>
</kw>
<arg>&amp;{user_info}</arg>
<status status="PASS" start="2024-09-27T21:20:36.634530" elapsed="0.005972"/>
</kw>
<status status="PASS" start="2024-09-27T21:20:36.632867" elapsed="0.007996"/>
</test>
<status status="PASS" start="2024-09-27T21:20:36.571028" elapsed="0.071193"/>
</suite>
<statistics>
<total>
<stat pass="1" fail="0" skip="0">All Tests</stat>
</total>
<tag>
</tag>
<suite>
<stat pass="1" fail="0" skip="0" id="s1" name="Assignment3">Assignment3</stat>
</suite>
</statistics>
<errors>
</errors>
</robot>
