<?xml version="1.0" encoding="UTF-8"?>
<robot generator="Robot 7.1 (Python 3.13.0rc2 on win32)" generated="2024-09-28T21:57:51.958165" rpa="false" schemaversion="5">
<suite id="s1" name="Assignment12" source="C:\Users\Khongkhunanat\Desktop\Before_Join_Doppio\Assignment12\Assignment12.robot">
<test id="s1-t1" name="Age Verification" line="5">
<if>
<branch type="IF" condition="${age} &gt; 18">
<kw name="Log To Console" owner="BuiltIn">
<arg>You are an adult ...</arg>
<doc>Logs the given message to the console.</doc>
<status status="PASS" start="2024-09-28T21:57:52.009640" elapsed="0.000504"/>
</kw>
<status status="PASS" start="2024-09-28T21:57:52.008934" elapsed="0.001297"/>
</branch>
<branch type="ELSE IF" condition="${age} == 18">
<kw name="Log To Console" owner="BuiltIn">
<arg>You just became an adult ...</arg>
<doc>Logs the given message to the console.</doc>
<status status="NOT RUN" start="2024-09-28T21:57:52.010420" elapsed="0.000026"/>
</kw>
<status status="NOT RUN" start="2024-09-28T21:57:52.010279" elapsed="0.000218"/>
</branch>
<branch type="ELSE">
<kw name="Log To Console" owner="BuiltIn">
<arg>You are underage</arg>
<doc>Logs the given message to the console.</doc>
<status status="NOT RUN" start="2024-09-28T21:57:52.010613" elapsed="0.000020"/>
</kw>
<status status="NOT RUN" start="2024-09-28T21:57:52.010526" elapsed="0.000144"/>
</branch>
<status status="PASS" start="2024-09-28T21:57:52.008894" elapsed="0.001799"/>
</if>
<status status="PASS" start="2024-09-28T21:57:52.008222" elapsed="0.002779"/>
</test>
<status status="PASS" start="2024-09-28T21:57:51.960035" elapsed="0.052281"/>
</suite>
<statistics>
<total>
<stat pass="1" fail="0" skip="0">All Tests</stat>
</total>
<tag>
</tag>
<suite>
<stat pass="1" fail="0" skip="0" id="s1" name="Assignment12">Assignment12</stat>
</suite>
</statistics>
<errors>
</errors>
</robot>
