<?xml version="1.0" encoding="UTF-8"?>
<robot generator="Robot 7.1 (Python 3.12.6 on darwin)" generated="2024-10-06T12:27:10.774796" rpa="false" schemaversion="5">
<suite id="s1" name="Assignment9" source="/Users/khongkhunanat.p/Desktop/Before_Join_Doppio/Assignment9/Assignment9.robot">
<test id="s1-t1" name="Validate" line="5">
<kw name="Calculate Square">
<kw name="Evaluate" owner="BuiltIn">
<msg time="2024-10-06T12:27:10.785467" level="INFO">${result} = 16</msg>
<var>${result}</var>
<arg>${number} * ${number}</arg>
<doc>Evaluates the given expression in Python and returns the result.</doc>
<status status="PASS" start="2024-10-06T12:27:10.785366" elapsed="0.000114"/>
</kw>
<kw name="Convert To String" owner="BuiltIn">
<msg time="2024-10-06T12:27:10.785588" level="INFO">${result} = 16</msg>
<var>${result}</var>
<arg>${result}</arg>
<doc>Converts the given item to a Unicode string.</doc>
<status status="PASS" start="2024-10-06T12:27:10.785526" elapsed="0.000071"/>
</kw>
<kw name="Return From Keyword" owner="BuiltIn">
<msg time="2024-10-06T12:27:10.785662" level="INFO">Returning from the enclosing user keyword.</msg>
<arg>${result}</arg>
<doc>Returns from the enclosing user keyword.</doc>
<status status="PASS" start="2024-10-06T12:27:10.785637" elapsed="0.000048"/>
</kw>
<msg time="2024-10-06T12:27:10.785726" level="INFO">${square} = 16</msg>
<var>${square}</var>
<arg>4</arg>
<status status="PASS" start="2024-10-06T12:27:10.785172" elapsed="0.000560"/>
</kw>
<kw name="Should Be Equal" owner="BuiltIn">
<arg>${square}</arg>
<arg>16</arg>
<doc>Fails if the given objects are unequal.</doc>
<status status="PASS" start="2024-10-06T12:27:10.785795" elapsed="0.000074"/>
</kw>
<status status="PASS" start="2024-10-06T12:27:10.784911" elapsed="0.001014"/>
</test>
<status status="PASS" start="2024-10-06T12:27:10.775588" elapsed="0.010488"/>
</suite>
<statistics>
<total>
<stat pass="1" fail="0" skip="0">All Tests</stat>
</total>
<tag>
</tag>
<suite>
<stat pass="1" fail="0" skip="0" id="s1" name="Assignment9">Assignment9</stat>
</suite>
</statistics>
<errors>
</errors>
</robot>
