<?xml version="1.0" encoding="UTF-8"?>
<robot generator="Robot 7.1 (Python 3.13.0rc2 on win32)" generated="2024-09-28T03:35:38.611609" rpa="false" schemaversion="5">
<suite id="s1" name="Assignment5" source="C:\Users\Khongkhunanat\Desktop\Before_Join_Doppio\Assignment5\Assignment5.robot">
<test id="s1-t1" name="Validate" line="5">
<kw name="Print All Items">
<for flavor="IN">
<iter>
<kw name="Log To Console" owner="BuiltIn">
<arg>${item}</arg>
<doc>Logs the given message to the console.</doc>
<status status="PASS" start="2024-09-28T03:35:38.792074" elapsed="0.000820"/>
</kw>
<var name="${item}">"apple" "banana"</var>
<status status="PASS" start="2024-09-28T03:35:38.791740" elapsed="0.001259"/>
</iter>
<iter>
<kw name="Log To Console" owner="BuiltIn">
<arg>${item}</arg>
<doc>Logs the given message to the console.</doc>
<status status="PASS" start="2024-09-28T03:35:38.793220" elapsed="0.000590"/>
</kw>
<var name="${item}">"cherry"</var>
<status status="PASS" start="2024-09-28T03:35:38.793127" elapsed="0.000739"/>
</iter>
<var>${item}</var>
<value>@{items}</value>
<status status="PASS" start="2024-09-28T03:35:38.791557" elapsed="0.002344"/>
</for>
<arg>"apple" "banana"</arg>
<arg>"cherry"</arg>
<status status="PASS" start="2024-09-28T03:35:38.791169" elapsed="0.002807"/>
</kw>
<status status="PASS" start="2024-09-28T03:35:38.790209" elapsed="0.004068"/>
</test>
<status status="PASS" start="2024-09-28T03:35:38.685347" elapsed="0.110427"/>
</suite>
<statistics>
<total>
<stat pass="1" fail="0" skip="0">All Tests</stat>
</total>
<tag>
</tag>
<suite>
<stat pass="1" fail="0" skip="0" id="s1" name="Assignment5">Assignment5</stat>
</suite>
</statistics>
<errors>
</errors>
</robot>
