<?xml version="1.0" encoding="UTF-8"?>
<robot generator="Robot 7.1 (Python 3.12.6 on darwin)" generated="2024-10-03T11:49:08.620026" rpa="false" schemaversion="5">
<suite id="s1" name="Assignment15" source="/Users/khongkhunanat.p/Desktop/Before_Join_Doppio/Assignment15/Assignment15.robot">
<test id="s1-t1" name="Error Handling Example" line="2">
<kw name="Run Keyword And Return Status" owner="BuiltIn">
<kw name="Click Element invalid_locator">
<msg time="2024-10-03T11:49:08.630473" level="FAIL">Keyword 'Click Element invalid_locator' expected 1 argument, got 0.</msg>
<status status="FAIL" start="2024-10-03T11:49:08.630429" elapsed="0.000062">Keyword 'Click Element invalid_locator' expected 1 argument, got 0.</status>
</kw>
<msg time="2024-10-03T11:49:08.630539" level="INFO">${status} = False</msg>
<var>${status}</var>
<arg>Click Element invalid_locator</arg>
<doc>Runs the given keyword with given arguments and returns the status as a Boolean value.</doc>
<status status="PASS" start="2024-10-03T11:49:08.630342" elapsed="0.000206"/>
</kw>
<kw name="Log To Console" owner="BuiltIn">
<arg>Status: ${status}</arg>
<doc>Logs the given message to the console.</doc>
<status status="PASS" start="2024-10-03T11:49:08.630615" elapsed="0.000077"/>
</kw>
<kw name="Run Keyword And Ignore Error" owner="BuiltIn">
<kw name="Input Text">
<msg time="2024-10-03T11:49:08.631089" level="FAIL">No keyword with name 'Input Text' found.</msg>
<arg>invalid_locator</arg>
<arg>value</arg>
<status status="FAIL" start="2024-10-03T11:49:08.631079" elapsed="0.000023">No keyword with name 'Input Text' found.</status>
</kw>
<arg>Input Text</arg>
<arg>invalid_locator</arg>
<arg>value</arg>
<doc>Runs the given keyword with the given arguments and ignores possible error.</doc>
<status status="PASS" start="2024-10-03T11:49:08.630752" elapsed="0.000371"/>
</kw>
<status status="PASS" start="2024-10-03T11:49:08.630033" elapsed="0.001147"/>
</test>
<status status="PASS" start="2024-10-03T11:49:08.620816" elapsed="0.010502"/>
</suite>
<statistics>
<total>
<stat pass="1" fail="0" skip="0">All Tests</stat>
</total>
<tag>
</tag>
<suite>
<stat pass="1" fail="0" skip="0" id="s1" name="Assignment15">Assignment15</stat>
</suite>
</statistics>
<errors>
</errors>
</robot>
