<?xml version="1.0" encoding="UTF-8"?>
<robot generator="Robot 7.1 (Python 3.13.0rc2 on win32)" generated="2024-09-28T18:36:45.984850" rpa="false" schemaversion="5">
<suite id="s1" name="Assignment6" source="C:\Users\Khongkhunanat\Desktop\Before_Join_Doppio\Assignment6\Assignment6.robot">
<test id="s1-t1" name="Validate" line="5">
<kw name="Log To Console" owner="BuiltIn">
<arg>${GLOBAL_VAR}</arg>
<doc>Logs the given message to the console.</doc>
<status status="PASS" start="2024-09-28T18:36:46.047973" elapsed="0.000816"/>
</kw>
<kw name="Show Local Variable">
<kw name="Set Local Variable" owner="BuiltIn">
<msg time="2024-09-28T18:36:46.050224" level="INFO">${GLOBAL_VAR} = "Local Value"</msg>
<arg>${GLOBAL_VAR}</arg>
<arg>"Local Value"</arg>
<doc>Makes a variable available everywhere within the local scope.</doc>
<status status="PASS" start="2024-09-28T18:36:46.049884" elapsed="0.000430"/>
</kw>
<kw name="Log To Console" owner="BuiltIn">
<arg>${GLOBAL_VAR}</arg>
<doc>Logs the given message to the console.</doc>
<status status="PASS" start="2024-09-28T18:36:46.050502" elapsed="0.000729"/>
</kw>
<status status="PASS" start="2024-09-28T18:36:46.049420" elapsed="0.001948"/>
</kw>
<kw name="Show Global Variable">
<kw name="Log To Console" owner="BuiltIn">
<arg>${GLOBAL_VAR}</arg>
<doc>Logs the given message to the console.</doc>
<status status="PASS" start="2024-09-28T18:36:46.052292" elapsed="0.000631"/>
</kw>
<status status="PASS" start="2024-09-28T18:36:46.051902" elapsed="0.001166"/>
</kw>
<status status="PASS" start="2024-09-28T18:36:46.046805" elapsed="0.006644"/>
</test>
<status status="PASS" start="2024-09-28T18:36:45.988855" elapsed="0.066434"/>
</suite>
<statistics>
<total>
<stat pass="1" fail="0" skip="0">All Tests</stat>
</total>
<tag>
</tag>
<suite>
<stat pass="1" fail="0" skip="0" id="s1" name="Assignment6">Assignment6</stat>
</suite>
</statistics>
<errors>
</errors>
</robot>
