<?xml version="1.0" encoding="UTF-8"?>
<robot generator="Robot 7.1 (Python 3.13.0rc2 on win32)" generated="2024-09-29T01:41:37.685944" rpa="false" schemaversion="5">
<suite id="s1" name="Assignment20" source="C:\Users\Khongkhunanat\Desktop\Before_Join_Doppio\Assignment20">
<suite id="s1-s1" name="Assignment20" source="C:\Users\Khongkhunanat\Desktop\Before_Join_Doppio\Assignment20\Assignment20.robot">
<test id="s1-s1-t1" name="Test With Tag 2" line="5">
<kw name="Log" owner="BuiltIn">
<msg time="2024-09-29T01:41:37.799138" level="INFO">This is a regression test</msg>
<arg>This is a regression test</arg>
<doc>Logs the given message with the given level.</doc>
<status status="PASS" start="2024-09-29T01:41:37.798957" elapsed="0.000257"/>
</kw>
<tag>regression</tag>
<status status="PASS" start="2024-09-29T01:41:37.798012" elapsed="0.001619"/>
</test>
<status status="PASS" start="2024-09-29T01:41:37.795730" elapsed="0.005176"/>
</suite>
<status status="PASS" start="2024-09-29T01:41:37.728022" elapsed="0.074562"/>
</suite>
<statistics>
<total>
<stat pass="1" fail="0" skip="0">All Tests</stat>
</total>
<tag>
<stat pass="1" fail="0" skip="0">regression</stat>
</tag>
<suite>
<stat pass="1" fail="0" skip="0" id="s1" name="Assignment20">Assignment20</stat>
<stat pass="1" fail="0" skip="0" id="s1-s1" name="Assignment20">Assignment20.Assignment20</stat>
</suite>
</statistics>
<errors>
</errors>
</robot>
