<?xml version="1.0" encoding="UTF-8"?>
<robot generator="Robot 7.1 (Python 3.13.0rc2 on win32)" generated="2024-09-28T21:49:50.361880" rpa="false" schemaversion="5">
<suite id="s1" name="Assignment10" source="C:\Users\Khongkhunanat\Desktop\Before_Join_Doppio\Assignment10\Assignment10.robot">
<test id="s1-t1" name="Validate" line="5">
<kw name="Create Fruit List">
<return>
<value>@{my_fruits}</value>
<status status="PASS" start="2024-09-28T21:49:50.421938" elapsed="0.000051"/>
</return>
<msg time="2024-09-28T21:49:50.422213" level="INFO">@{return_list} = [ apple | banana | cherry ]</msg>
<var>@{return_list}</var>
<status status="PASS" start="2024-09-28T21:49:50.421651" elapsed="0.000595"/>
</kw>
<kw name="Log To Console" owner="BuiltIn">
<arg>${return_list}[0]</arg>
<doc>Logs the given message to the console.</doc>
<status status="PASS" start="2024-09-28T21:49:50.422727" elapsed="0.000558"/>
</kw>
<status status="PASS" start="2024-09-28T21:49:50.420850" elapsed="0.002723"/>
</test>
<status status="PASS" start="2024-09-28T21:49:50.364072" elapsed="0.060758"/>
</suite>
<statistics>
<total>
<stat pass="1" fail="0" skip="0">All Tests</stat>
</total>
<tag>
</tag>
<suite>
<stat pass="1" fail="0" skip="0" id="s1" name="Assignment10">Assignment10</stat>
</suite>
</statistics>
<errors>
<msg time="2024-09-28T21:49:50.354639" level="WARN">Error in file 'C:\Users\Khongkhunanat\Desktop\Before_Join_Doppio\Assignment10\Assignment10.robot' on line 14: The '[Return]' setting is deprecated. Use the 'RETURN' statement instead.</msg>
</errors>
</robot>
